<?xml version="1.0" encoding="UTF-8"?>
<testng-results skipped="0" failed="3" ignored="6" total="18" passed="9">
  <reporter-output>
  </reporter-output>
  <suite name="OrangeHRMSuite" duration-ms="301109" started-at="2019-11-23T08:40:22Z" finished-at="2019-11-23T08:45:23Z">
    <groups>
    </groups>
    <test name="ESSTest" duration-ms="301109" started-at="2019-11-23T08:40:22Z" finished-at="2019-11-23T08:45:23Z">
      <class name="com.orange.hrm.ess.module.testcase.OHT01_orange_hrm_ess_login_testcases">
        <test-method status="PASS" signature="valid_invalid_credentials()[pri:0, instance:com.orange.hrm.ess.module.testcase.OHT01_orange_hrm_ess_login_testcases@17d0685f]" name="valid_invalid_credentials" duration-ms="2071" started-at="2019-11-23T08:43:46Z" finished-at="2019-11-23T08:43:48Z">
          <reporter-output>
          </reporter-output>
        </test-method> <!-- valid_invalid_credentials -->
        <test-method status="PASS" signature="invalid_valid_credentials()[pri:0, instance:com.orange.hrm.ess.module.testcase.OHT01_orange_hrm_ess_login_testcases@17d0685f]" name="invalid_valid_credentials" duration-ms="1518" started-at="2019-11-23T08:43:48Z" depends-on-methods="com.orange.hrm.ess.module.testcase.OHT01_orange_hrm_ess_login_testcases.valid_invalid_credentials" finished-at="2019-11-23T08:43:50Z">
          <reporter-output>
          </reporter-output>
        </test-method> <!-- invalid_valid_credentials -->
        <test-method status="PASS" signature="invalid_invalid_credentials()[pri:0, instance:com.orange.hrm.ess.module.testcase.OHT01_orange_hrm_ess_login_testcases@17d0685f]" name="invalid_invalid_credentials" duration-ms="1106" started-at="2019-11-23T08:43:50Z" depends-on-methods="com.orange.hrm.ess.module.testcase.OHT01_orange_hrm_ess_login_testcases.invalid_valid_credentials" finished-at="2019-11-23T08:43:51Z">
          <reporter-output>
          </reporter-output>
        </test-method> <!-- invalid_invalid_credentials -->
        <test-method status="PASS" signature="login_using_ess_credentials()[pri:0, instance:com.orange.hrm.ess.module.testcase.OHT01_orange_hrm_ess_login_testcases@17d0685f]" name="login_using_ess_credentials" duration-ms="12894" started-at="2019-11-23T08:43:51Z" depends-on-methods="com.orange.hrm.ess.module.testcase.OHT01_orange_hrm_ess_login_testcases.invalid_invalid_credentials" finished-at="2019-11-23T08:44:04Z">
          <reporter-output>
          </reporter-output>
        </test-method> <!-- login_using_ess_credentials -->
        <test-method status="FAIL" signature="verify_all_links()[pri:0, instance:com.orange.hrm.ess.module.testcase.OHT01_orange_hrm_ess_login_testcases@17d0685f]" name="verify_all_links" duration-ms="52965" started-at="2019-11-23T08:44:04Z" depends-on-methods="com.orange.hrm.ess.module.testcase.OHT01_orange_hrm_ess_login_testcases.login_using_ess_credentials" finished-at="2019-11-23T08:44:57Z">
          <exception class="java.lang.AssertionError">
            <message>
              <![CDATA[expected [0] but found [2]]]>
            </message>
            <full-stacktrace>
              <![CDATA[java.lang.AssertionError: expected [0] but found [2]
at org.testng.Assert.fail(Assert.java:96)
at org.testng.Assert.failNotEquals(Assert.java:776)
at org.testng.Assert.assertEqualsImpl(Assert.java:137)
at org.testng.Assert.assertEquals(Assert.java:118)
at org.testng.Assert.assertEquals(Assert.java:652)
at org.testng.Assert.assertEquals(Assert.java:662)
at com.orange.hrm.ess.module.testcase.OHT01_orange_hrm_ess_login_testcases.verify_all_links(OHT01_orange_hrm_ess_login_testcases.java:110)
at sun.reflect.NativeMethodAccessorImpl.invoke0(Native Method)
at sun.reflect.NativeMethodAccessorImpl.invoke(NativeMethodAccessorImpl.java:62)
at sun.reflect.DelegatingMethodAccessorImpl.invoke(DelegatingMethodAccessorImpl.java:43)
at java.lang.reflect.Method.invoke(Method.java:498)
at org.testng.internal.MethodInvocationHelper.invokeMethod(MethodInvocationHelper.java:124)
at org.testng.internal.Invoker.invokeMethod(Invoker.java:583)
at org.testng.internal.Invoker.invokeTestMethod(Invoker.java:719)
at org.testng.internal.Invoker.invokeTestMethods(Invoker.java:989)
at org.testng.internal.TestMethodWorker.invokeTestMethods(TestMethodWorker.java:125)
at org.testng.internal.TestMethodWorker.run(TestMethodWorker.java:109)
at org.testng.TestRunner.privateRun(TestRunner.java:648)
at org.testng.TestRunner.run(TestRunner.java:505)
at org.testng.SuiteRunner.runTest(SuiteRunner.java:455)
at org.testng.SuiteRunner.runSequentially(SuiteRunner.java:450)
at org.testng.SuiteRunner.privateRun(SuiteRunner.java:415)
at org.testng.SuiteRunner.run(SuiteRunner.java:364)
at org.testng.SuiteRunnerWorker.runSuite(SuiteRunnerWorker.java:52)
at org.testng.SuiteRunnerWorker.run(SuiteRunnerWorker.java:84)
at org.testng.TestNG.runSuitesSequentially(TestNG.java:1208)
at org.testng.TestNG.runSuitesLocally(TestNG.java:1137)
at org.testng.TestNG.runSuites(TestNG.java:1049)
at org.testng.TestNG.run(TestNG.java:1017)
at org.testng.remote.AbstractRemoteTestNG.run(AbstractRemoteTestNG.java:114)
at org.testng.remote.RemoteTestNG.initAndRun(RemoteTestNG.java:251)
at org.testng.remote.RemoteTestNG.main(RemoteTestNG.java:77)
]]>
            </full-stacktrace>
          </exception> <!-- java.lang.AssertionError -->
          <reporter-output>
          </reporter-output>
        </test-method> <!-- verify_all_links -->
      </class> <!-- com.orange.hrm.ess.module.testcase.OHT01_orange_hrm_ess_login_testcases -->
      <class name="com.orange.hrm.ess.module.testcase.OCT00_orange_hrm_admin_login">
        <test-method status="PASS" signature="setup(java.lang.String)[pri:0, instance:com.orange.hrm.ess.module.testcase.OCT00_orange_hrm_admin_login@2a70a3d8]" name="setup" is-config="true" duration-ms="19597" started-at="2019-11-23T08:40:23Z" finished-at="2019-11-23T08:40:42Z">
          <params>
            <param index="0">
              <value>
                <![CDATA[chrome]]>
              </value>
            </param>
          </params>
          <reporter-output>
          </reporter-output>
        </test-method> <!-- setup -->
        <test-method status="PASS" signature="AdminLogin()[pri:0, instance:com.orange.hrm.ess.module.testcase.OCT00_orange_hrm_admin_login@2a70a3d8]" name="AdminLogin" duration-ms="8500" started-at="2019-11-23T08:40:42Z" finished-at="2019-11-23T08:40:51Z">
          <reporter-output>
          </reporter-output>
        </test-method> <!-- AdminLogin -->
        <test-method status="FAIL" signature="verify_all_links()[pri:0, instance:com.orange.hrm.ess.module.testcase.OCT00_orange_hrm_admin_login@2a70a3d8]" name="verify_all_links" duration-ms="147917" started-at="2019-11-23T08:40:51Z" depends-on-methods="com.orange.hrm.ess.module.testcase.OCT00_orange_hrm_admin_login.AdminLogin" finished-at="2019-11-23T08:43:19Z">
          <exception class="java.lang.AssertionError">
            <message>
              <![CDATA[expected [0] but found [2]]]>
            </message>
            <full-stacktrace>
              <![CDATA[java.lang.AssertionError: expected [0] but found [2]
at org.testng.Assert.fail(Assert.java:96)
at org.testng.Assert.failNotEquals(Assert.java:776)
at org.testng.Assert.assertEqualsImpl(Assert.java:137)
at org.testng.Assert.assertEquals(Assert.java:118)
at org.testng.Assert.assertEquals(Assert.java:652)
at org.testng.Assert.assertEquals(Assert.java:662)
at com.orange.hrm.ess.module.testcase.OCT00_orange_hrm_admin_login.verify_all_links(OCT00_orange_hrm_admin_login.java:44)
at sun.reflect.NativeMethodAccessorImpl.invoke0(Native Method)
at sun.reflect.NativeMethodAccessorImpl.invoke(NativeMethodAccessorImpl.java:62)
at sun.reflect.DelegatingMethodAccessorImpl.invoke(DelegatingMethodAccessorImpl.java:43)
at java.lang.reflect.Method.invoke(Method.java:498)
at org.testng.internal.MethodInvocationHelper.invokeMethod(MethodInvocationHelper.java:124)
at org.testng.internal.Invoker.invokeMethod(Invoker.java:583)
at org.testng.internal.Invoker.invokeTestMethod(Invoker.java:719)
at org.testng.internal.Invoker.invokeTestMethods(Invoker.java:989)
at org.testng.internal.TestMethodWorker.invokeTestMethods(TestMethodWorker.java:125)
at org.testng.internal.TestMethodWorker.run(TestMethodWorker.java:109)
at org.testng.TestRunner.privateRun(TestRunner.java:648)
at org.testng.TestRunner.run(TestRunner.java:505)
at org.testng.SuiteRunner.runTest(SuiteRunner.java:455)
at org.testng.SuiteRunner.runSequentially(SuiteRunner.java:450)
at org.testng.SuiteRunner.privateRun(SuiteRunner.java:415)
at org.testng.SuiteRunner.run(SuiteRunner.java:364)
at org.testng.SuiteRunnerWorker.runSuite(SuiteRunnerWorker.java:52)
at org.testng.SuiteRunnerWorker.run(SuiteRunnerWorker.java:84)
at org.testng.TestNG.runSuitesSequentially(TestNG.java:1208)
at org.testng.TestNG.runSuitesLocally(TestNG.java:1137)
at org.testng.TestNG.runSuites(TestNG.java:1049)
at org.testng.TestNG.run(TestNG.java:1017)
at org.testng.remote.AbstractRemoteTestNG.run(AbstractRemoteTestNG.java:114)
at org.testng.remote.RemoteTestNG.initAndRun(RemoteTestNG.java:251)
at org.testng.remote.RemoteTestNG.main(RemoteTestNG.java:77)
]]>
            </full-stacktrace>
          </exception> <!-- java.lang.AssertionError -->
          <reporter-output>
          </reporter-output>
        </test-method> <!-- verify_all_links -->
      </class> <!-- com.orange.hrm.ess.module.testcase.OCT00_orange_hrm_admin_login -->
      <class name="com.orange.hrm.ess.module.testcase.OHT021_orange_hrm_ess_myinfo_conatct_details_testcase">
        <test-method status="FAIL" signature="verify_conact_details(java.lang.String, java.lang.String, java.lang.String, java.lang.String, java.lang.String, java.lang.String, java.lang.String, java.lang.String)[pri:0, instance:com.orange.hrm.ess.module.testcase.OHT021_orange_hrm_ess_myinfo_conatct_details_testcase@78ac1102]" name="verify_conact_details" duration-ms="13841" started-at="2019-11-23T08:45:03Z" data-provider="getdata" finished-at="2019-11-23T08:45:17Z">
          <params>
            <param index="0">
              <value>
                <![CDATA[A/309/3rd floor/ DS-MAX SHERWOOD]]>
              </value>
            </param>
            <param index="1">
              <value>
                <![CDATA[GUNJUR]]>
              </value>
            </param>
            <param index="2">
              <value>
                <![CDATA[BENGALURU]]>
              </value>
            </param>
            <param index="3">
              <value>
                <![CDATA[Karnataka]]>
              </value>
            </param>
            <param index="4">
              <value>
                <![CDATA[India]]>
              </value>
            </param>
            <param index="5">
              <value>
                <![CDATA[560087]]>
              </value>
            </param>
            <param index="6">
              <value>
                <![CDATA[nagu.123@gmail.com]]>
              </value>
            </param>
            <param index="7">
              <value>
                <![CDATA[9844505445]]>
              </value>
            </param>
          </params>
          <exception class="org.openqa.selenium.NoSuchElementException">
            <message>
              <![CDATA[Cannot locate element with text: Karnataka
For documentation on this error, please visit: http://seleniumhq.org/exceptions/no_such_element.html
Build info: version: '3.14.0', revision: 'aacccce0', time: '2018-08-02T20:19:58.91Z'
System info: host: 'RAVI', ip: '192.168.43.144', os.name: 'Windows 10', os.arch: 'amd64', os.version: '10.0', java.version: '1.8.0_192'
Driver info: driver.version: unknown]]>
            </message>
            <full-stacktrace>
              <![CDATA[org.openqa.selenium.NoSuchElementException: Cannot locate element with text: Karnataka
For documentation on this error, please visit: http://seleniumhq.org/exceptions/no_such_element.html
Build info: version: '3.14.0', revision: 'aacccce0', time: '2018-08-02T20:19:58.91Z'
System info: host: 'RAVI', ip: '192.168.43.144', os.name: 'Windows 10', os.arch: 'amd64', os.version: '10.0', java.version: '1.8.0_192'
Driver info: driver.version: unknown
at org.openqa.selenium.support.ui.Select.selectByVisibleText(Select.java:151)
at com.orange.hrm.ess.module.list.OH041_menu_myinfo_contact_details.select_from_list(OH041_menu_myinfo_contact_details.java:150)
at com.orange.hrm.ess.module.list.OH041_menu_myinfo_contact_details.myinfo_contact_details_edit(OH041_menu_myinfo_contact_details.java:109)
at com.orange.hrm.ess.module.testcase.OHT021_orange_hrm_ess_myinfo_conatct_details_testcase.verify_conact_details(OHT021_orange_hrm_ess_myinfo_conatct_details_testcase.java:23)
at sun.reflect.NativeMethodAccessorImpl.invoke0(Native Method)
at sun.reflect.NativeMethodAccessorImpl.invoke(NativeMethodAccessorImpl.java:62)
at sun.reflect.DelegatingMethodAccessorImpl.invoke(DelegatingMethodAccessorImpl.java:43)
at java.lang.reflect.Method.invoke(Method.java:498)
at org.testng.internal.MethodInvocationHelper.invokeMethod(MethodInvocationHelper.java:124)
at org.testng.internal.Invoker.invokeMethod(Invoker.java:583)
at org.testng.internal.Invoker.invokeTestMethod(Invoker.java:719)
at org.testng.internal.Invoker.invokeTestMethods(Invoker.java:989)
at org.testng.internal.TestMethodWorker.invokeTestMethods(TestMethodWorker.java:125)
at org.testng.internal.TestMethodWorker.run(TestMethodWorker.java:109)
at org.testng.TestRunner.privateRun(TestRunner.java:648)
at org.testng.TestRunner.run(TestRunner.java:505)
at org.testng.SuiteRunner.runTest(SuiteRunner.java:455)
at org.testng.SuiteRunner.runSequentially(SuiteRunner.java:450)
at org.testng.SuiteRunner.privateRun(SuiteRunner.java:415)
at org.testng.SuiteRunner.run(SuiteRunner.java:364)
at org.testng.SuiteRunnerWorker.runSuite(SuiteRunnerWorker.java:52)
at org.testng.SuiteRunnerWorker.run(SuiteRunnerWorker.java:84)
at org.testng.TestNG.runSuitesSequentially(TestNG.java:1208)
at org.testng.TestNG.runSuitesLocally(TestNG.java:1137)
at org.testng.TestNG.runSuites(TestNG.java:1049)
at org.testng.TestNG.run(TestNG.java:1017)
at org.testng.remote.AbstractRemoteTestNG.run(AbstractRemoteTestNG.java:114)
at org.testng.remote.RemoteTestNG.initAndRun(RemoteTestNG.java:251)
at org.testng.remote.RemoteTestNG.main(RemoteTestNG.java:77)
]]>
            </full-stacktrace>
          </exception> <!-- org.openqa.selenium.NoSuchElementException -->
          <reporter-output>
          </reporter-output>
        </test-method> <!-- verify_conact_details -->
      </class> <!-- com.orange.hrm.ess.module.testcase.OHT021_orange_hrm_ess_myinfo_conatct_details_testcase -->
      <class name="com.orange.hrm.ess.module.testcase.OHT04_orange_hrm_ess_SwitchTo_NewWindow">
        <test-method status="PASS" signature="windowHandles()[pri:0, instance:com.orange.hrm.ess.module.testcase.OHT04_orange_hrm_ess_SwitchTo_NewWindow@2de8284b]" name="windowHandles" duration-ms="5757" started-at="2019-11-23T08:45:17Z" finished-at="2019-11-23T08:45:23Z">
          <reporter-output>
          </reporter-output>
        </test-method> <!-- windowHandles -->
      </class> <!-- com.orange.hrm.ess.module.testcase.OHT04_orange_hrm_ess_SwitchTo_NewWindow -->
      <class name="com.orange.hrm.ess.module.testcase.OHT02_orange_hrm_ess_myinfo_testcases">
        <test-method status="PASS" signature="Orange_HRM_info_view_persona_details()[pri:0, instance:com.orange.hrm.ess.module.testcase.OHT02_orange_hrm_ess_myinfo_testcases@3891771e]" name="Orange_HRM_info_view_persona_details" duration-ms="5533" started-at="2019-11-23T08:44:57Z" finished-at="2019-11-23T08:45:02Z">
          <reporter-output>
          </reporter-output>
        </test-method> <!-- Orange_HRM_info_view_persona_details -->
      </class> <!-- com.orange.hrm.ess.module.testcase.OHT02_orange_hrm_ess_myinfo_testcases -->
      <class name="com.orange.hrm.ess.module.testcase.ODT00_orange_hrm_create_ess_user_by_admin">
        <test-method status="PASS" signature="create_verify_status()[pri:0, instance:com.orange.hrm.ess.module.testcase.ODT00_orange_hrm_create_ess_user_by_admin@22eeefeb]" name="create_verify_status" duration-ms="25745" started-at="2019-11-23T08:43:20Z" finished-at="2019-11-23T08:43:46Z">
          <reporter-output>
          </reporter-output>
        </test-method> <!-- create_verify_status -->
      </class> <!-- com.orange.hrm.ess.module.testcase.ODT00_orange_hrm_create_ess_user_by_admin -->
      <class name="com.orange.hrm.ess.module.testcase.OHT05_orange_hrm_admin_verify_AllLinks">
        <test-method status="PASS" signature="verify_all_links()[pri:0, instance:com.orange.hrm.ess.module.testcase.OHT05_orange_hrm_admin_verify_AllLinks@289d1c02]" name="verify_all_links" duration-ms="1347" started-at="2019-11-23T08:43:19Z" finished-at="2019-11-23T08:43:20Z">
          <reporter-output>
          </reporter-output>
        </test-method> <!-- verify_all_links -->
      </class> <!-- com.orange.hrm.ess.module.testcase.OHT05_orange_hrm_admin_verify_AllLinks -->
    </test> <!-- ESSTest -->
  </suite> <!-- OrangeHRMSuite -->
</testng-results>
